{"level":"info","message":"Login User: a. id: 5730e5920475ccc919f27a2b","timestamp":"2016-05-10T03:57:32.898Z"}
{"level":"info","message":"Login User: admin. id: 571c08d8360afe3d6e55d51f","timestamp":"2016-05-10T03:57:56.220Z"}
{"level":"info","message":"Login User: b. id: 5730e5920475ccc919f27a2d","timestamp":"2016-05-10T03:58:34.273Z"}
{"level":"info","message":"Login User: admin. id: 571c08d8360afe3d6e55d51f","timestamp":"2016-05-11T01:42:53.939Z"}
{"level":"info","message":"Login User: admin. id: 571c08d8360afe3d6e55d51f","timestamp":"2016-05-11T02:00:52.542Z"}
{"level":"info","message":"Login User: admin. id: 571c08d8360afe3d6e55d51f","timestamp":"2016-05-17T00:25:26.148Z"}
{"level":"info","message":"Login User: admin. id: 571c08d8360afe3d6e55d51f","timestamp":"2016-05-18T04:02:49.146Z"}
{"level":"info","message":"Login User: admin. id: 571c08d8360afe3d6e55d51f","timestamp":"2016-05-18T04:04:55.174Z"}
{"level":"info","message":"Login User: admin. id: 571c08d8360afe3d6e55d51f","timestamp":"2016-05-18T04:14:02.750Z"}
{"level":"info","message":"Login User: admin. id: 571c08d8360afe3d6e55d51f","timestamp":"2016-05-18T04:43:37.330Z"}
{"level":"info","message":"Login User: admin. id: 571c08d8360afe3d6e55d51f","timestamp":"2016-05-18T05:13:18.141Z"}
{"level":"info","message":"Login User: admin. id: 571c08d8360afe3d6e55d51f","timestamp":"2016-05-18T05:13:36.273Z"}
{"level":"info","message":"Login User: admin. id: 571c08d8360afe3d6e55d51f","timestamp":"2016-05-18T05:32:27.873Z"}
{"level":"info","message":"Login User: admin. id: 571c08d8360afe3d6e55d51f","timestamp":"2016-05-18T05:33:05.374Z"}
{"level":"info","message":"Login User: catb. id: 571c09cbe0c253600d2086b4","timestamp":"2016-05-18T05:34:25.813Z"}
{"level":"info","message":"Login User: admin. id: 571c08d8360afe3d6e55d51f","timestamp":"2016-05-18T05:34:42.285Z"}
{"level":"info","message":"Login User: admin. id: 571c08d8360afe3d6e55d51f","timestamp":"2016-05-18T05:36:15.506Z"}
{"level":"info","message":"Login User: admin. id: 571c08d8360afe3d6e55d51f","timestamp":"2016-05-18T05:40:11.305Z"}
{"level":"info","message":"Login User: catb. id: 571c09cbe0c253600d2086b4","timestamp":"2016-05-19T05:58:51.803Z"}
{"level":"info","message":"Login User: catc. id: 571c09cbe0c253600d2086b6","timestamp":"2016-05-19T05:59:03.096Z"}
{"level":"info","message":"Login User: admin. id: 571c08d8360afe3d6e55d51f","timestamp":"2016-05-19T06:06:01.588Z"}
{"level":"info","message":"Login User: admin. id: 571c08d8360afe3d6e55d51f","timestamp":"2016-05-19T06:07:21.757Z"}
{"level":"info","message":"Login User: admin. id: 571c08d8360afe3d6e55d51f","timestamp":"2016-05-19T06:21:24.381Z"}
{"level":"info","message":"Login User: admin. id: 571c08d8360afe3d6e55d51f","timestamp":"2016-05-19T06:21:59.950Z"}
{"level":"info","message":"Login User: admin. id: 571c08d8360afe3d6e55d51f","timestamp":"2016-05-19T17:51:10.067Z"}
{"level":"info","message":"Login User: admin. id: 571c08d8360afe3d6e55d51f","timestamp":"2016-05-19T17:53:59.450Z"}
{"level":"info","message":"Login User: admin. id: 571c08d8360afe3d6e55d51f","timestamp":"2016-05-19T17:55:25.149Z"}
{"level":"info","message":"Login User: admin. id: 571c08d8360afe3d6e55d51f","timestamp":"2016-05-20T01:52:18.292Z"}
{"level":"info","message":"Login User: catb. id: 571c09cbe0c253600d2086b4","timestamp":"2016-05-20T01:53:25.321Z"}
{"level":"info","message":"Login User: catc. id: 571c09cbe0c253600d2086b6","timestamp":"2016-05-20T01:55:30.118Z"}
{"level":"info","message":"Login User: admin. id: 571c08d8360afe3d6e55d51f","timestamp":"2016-05-20T02:15:21.885Z"}
{"level":"info","message":"Login User: admin. id: 571c08d8360afe3d6e55d51f","timestamp":"2016-05-20T02:51:28.714Z"}
{"level":"info","message":"Login User: admin. id: 571c08d8360afe3d6e55d51f","timestamp":"2016-05-20T03:11:53.259Z"}
